⚠️ Entry 2 skipped — invalid chapter: 
⚠️ Entry 4 skipped — invalid chapter: 
⚠️ Entry 5 skipped — invalid chapter: 
⚠️ Entry 6 skipped — invalid chapter: 
⚠️ Entry 7 skipped — invalid chapter: 
⚠️ Entry 8 skipped — invalid chapter: 
⚠️ Entry 9 skipped — invalid chapter: 
⚠️ Entry 10 skipped — invalid chapter: 
⚠️ Entry 12 skipped — invalid chapter: 
⚠️ Entry 13 skipped — invalid chapter: 
⚠️ Entry 14 skipped — invalid chapter: Provided that the rule is certain and not unreasonable or opposed to public policy; and Provided further that in the case of a rule applicable only to a family it has not been discontinued by the family;
⚠️ Entry 15 skipped — invalid chapter: 
⚠️ Entry 16 skipped — invalid chapter: 
⚠️ Entry 17 skipped — invalid chapter: 
⚠️ Entry 18 skipped — invalid chapter: 
⚠️ Entry 19 skipped — invalid chapter: 
⚠️ Entry 20 skipped — invalid chapter: 
⚠️ Entry 21 skipped — invalid chapter: 
⚠️ Entry 22 skipped — invalid chapter: 
⚠️ Entry 23 skipped — invalid chapter: 
⚠️ Entry 24 skipped — invalid chapter: 
⚠️ Entry 25 skipped — invalid chapter: 
⚠️ Entry 26 skipped — invalid chapter: 
⚠️ Entry 27 skipped — invalid chapter: 
⚠️ Entry 28 skipped — invalid chapter: 
⚠️ Entry 29 skipped — invalid chapter: 
⚠️ Entry 31 skipped — invalid chapter: 
⚠️ Entry 32 skipped — invalid chapter: 
⚠️ Entry 33 skipped — invalid chapter: 
⚠️ Entry 35 skipped — invalid chapter: 
⚠️ Entry 36 skipped — invalid chapter: 
⚠️ Entry 37 skipped — invalid chapter: 
⚠️ Entry 38 skipped — invalid chapter: 
⚠️ Entry 39 skipped — invalid chapter: 
⚠️ Entry 40 skipped — invalid chapter: 
⚠️ Entry 41 skipped — invalid chapter: 
⚠️ Entry 42 skipped — invalid chapter: 
⚠️ Entry 43 skipped — invalid chapter: 
⚠️ Entry 44 skipped — invalid chapter: 
⚠️ Entry 45 skipped — invalid chapter: 
⚠️ Entry 48 skipped — invalid chapter: 
⚠️ Entry 50 skipped — invalid chapter: 
⚠️ Entry 51 skipped — invalid chapter: 
⚠️ Entry 52 skipped — invalid chapter: 
⚠️ Entry 53 skipped — invalid chapter: 
⚠️ Entry 56 skipped — invalid chapter: 
⚠️ Entry 59 skipped — invalid chapter: 
⚠️ Entry 60 skipped — invalid chapter: 
⚠️ Entry 61 skipped — invalid chapter: 
⚠️ Entry 62 skipped — invalid chapter: 
⚠️ Entry 63 skipped — invalid chapter: 
⚠️ Entry 64 skipped — invalid chapter: 
⚠️ Entry 65 skipped — invalid chapter: 
⚠️ Entry 66 skipped — invalid chapter: 
⚠️ Entry 67 skipped — invalid chapter: 
⚠️ Entry 68 skipped — invalid chapter: 
⚠️ Entry 69 skipped — invalid chapter: 
⚠️ Entry 70 skipped — invalid chapter: 
⚠️ Entry 71 skipped — invalid chapter: 
⚠️ Entry 72 skipped — invalid chapter: 
⚠️ Entry 73 skipped — invalid chapter: 
⚠️ Entry 74 skipped — invalid chapter: 
⚠️ Entry 75 skipped — invalid chapter: 
⚠️ Entry 76 skipped — invalid chapter: 
⚠️ Entry 78 skipped — invalid chapter: 
⚠️ Entry 79 skipped — invalid chapter: 
⚠️ Entry 80 skipped — invalid chapter: 
⚠️ Entry 81 skipped — invalid chapter: 
⚠️ Entry 82 skipped — invalid chapter: 
⚠️ Entry 83 skipped — invalid chapter: 
⚠️ Entry 84 skipped — invalid chapter: 
⚠️ Entry 85 skipped — invalid chapter: 
⚠️ Entry 86 skipped — invalid chapter: 
⚠️ Entry 87 skipped — invalid chapter: 
⚠️ Entry 88 skipped — invalid chapter: 
⚠️ Entry 89 skipped — invalid chapter: 
⚠️ Entry 90 skipped — invalid chapter: 
⚠️ Entry 91 skipped — invalid chapter: 
⚠️ Entry 92 skipped — invalid chapter: 
⚠️ Entry 93 skipped — invalid chapter: 
⚠️ Entry 94 skipped — invalid chapter: 
⚠️ Entry 95 skipped — invalid chapter: 
⚠️ Entry 96 skipped — invalid chapter: 
⚠️ Entry 97 skipped — invalid chapter: 
⚠️ Entry 98 skipped — invalid chapter: 
⚠️ Entry 99 skipped — invalid chapter: 
⚠️ Entry 100 skipped — invalid chapter: 
⚠️ Entry 101 skipped — invalid chapter: 
⚠️ Entry 102 skipped — invalid chapter: 
⚠️ Entry 103 skipped — invalid chapter: 
⚠️ Entry 104 skipped — invalid chapter: 
⚠️ Entry 105 skipped — invalid chapter: 
⚠️ Entry 106 skipped — invalid chapter: 
⚠️ Entry 107 skipped — invalid chapter: 
⚠️ Entry 108 skipped — invalid chapter: 
⚠️ Entry 109 skipped — invalid chapter: 
⚠️ Entry 110 skipped — invalid chapter: 
⚠️ Entry 111 skipped — invalid chapter: 
⚠️ Entry 112 skipped — invalid chapter: 
⚠️ Entry 113 skipped — invalid chapter: 
⚠️ Entry 114 skipped — invalid chapter: 
⚠️ Entry 115 skipped — invalid chapter: 
⚠️ Entry 116 skipped — invalid chapter: 
⚠️ Entry 117 skipped — invalid chapter: 
⚠️ Entry 118 skipped — invalid chapter: 
⚠️ Entry 119 skipped — invalid chapter: 
⚠️ Entry 120 skipped — invalid chapter: 
⚠️ Entry 121 skipped — invalid chapter: 
⚠️ Entry 122 skipped — invalid chapter: 
⚠️ Entry 123 skipped — invalid chapter: 
⚠️ Entry 124 skipped — invalid chapter: 
⚠️ Entry 125 skipped — invalid chapter: 
⚠️ Entry 126 skipped — invalid chapter: 
⚠️ Entry 127 skipped — invalid chapter: 
⚠️ Entry 128 skipped — invalid chapter: 
⚠️ Entry 129 skipped — invalid chapter: 
⚠️ Entry 130 skipped — invalid chapter: 
⚠️ Entry 131 skipped — invalid chapter: 
⚠️ Entry 132 skipped — invalid chapter: 
⚠️ Entry 133 skipped — invalid chapter: 
⚠️ Entry 134 skipped — invalid chapter: 
⚠️ Entry 135 skipped — invalid chapter: 
⚠️ Entry 136 skipped — invalid chapter: 
⚠️ Entry 137 skipped — invalid chapter: 
⚠️ Entry 138 skipped — invalid chapter: 
⚠️ Entry 139 skipped — invalid chapter: 
⚠️ Entry 140 skipped — invalid chapter: 
⚠️ Entry 141 skipped — invalid chapter: 
⚠️ Entry 142 skipped — invalid chapter: 
⚠️ Entry 143 skipped — invalid chapter: 
⚠️ Entry 144 skipped — invalid chapter: 
⚠️ Entry 145 skipped — invalid chapter: 
⚠️ Entry 146 skipped — invalid chapter: 
⚠️ Entry 147 skipped — invalid chapter: 
⚠️ Entry 148 skipped — invalid chapter: 
⚠️ Entry 149 skipped — invalid chapter: 
⚠️ Entry 150 skipped — invalid chapter: 
⚠️ Entry 151 skipped — invalid chapter: 
⚠️ Entry 152 skipped — invalid chapter: 
⚠️ Entry 153 skipped — invalid chapter: 
⚠️ Entry 154 skipped — invalid chapter: 
⚠️ Entry 155 skipped — invalid chapter: 
⚠️ Entry 156 skipped — invalid chapter: 
⚠️ Entry 157 skipped — invalid chapter: 
⚠️ Entry 158 skipped — invalid chapter: 
⚠️ Entry 159 skipped — invalid chapter: 
⚠️ Entry 160 skipped — invalid chapter: 
⚠️ Entry 161 skipped — invalid chapter: 
⚠️ Entry 162 skipped — invalid chapter: 
⚠️ Entry 163 skipped — invalid chapter: 
⚠️ Entry 164 skipped — invalid chapter: 
⚠️ Entry 165 skipped — invalid chapter: 
⚠️ Entry 166 skipped — invalid chapter: 
⚠️ Entry 167 skipped — invalid chapter: 
⚠️ Entry 168 skipped — invalid chapter: 
⚠️ Entry 169 skipped — invalid chapter: 
⚠️ Entry 170 skipped — invalid chapter: 
⚠️ Entry 171 skipped — invalid chapter: 
⚠️ Entry 172 skipped — invalid chapter: 
⚠️ Entry 173 skipped — invalid chapter: 
⚠️ Entry 174 skipped — invalid chapter: 
⚠️ Entry 175 skipped — invalid chapter: 
⚠️ Entry 176 skipped — invalid chapter: 
⚠️ Entry 177 skipped — invalid chapter: 
⚠️ Entry 178 skipped — invalid chapter: 
⚠️ Entry 179 skipped — invalid chapter: 
⚠️ Entry 180 skipped — invalid chapter: 
⚠️ Entry 181 skipped — invalid chapter: 
⚠️ Entry 182 skipped — invalid chapter: 
⚠️ Entry 183 skipped — invalid chapter: 
⚠️ Entry 184 skipped — invalid chapter: 
⚠️ Entry 185 skipped — invalid chapter: 
⚠️ Entry 186 skipped — invalid chapter: 
⚠️ Entry 187 skipped — invalid chapter: 
⚠️ Entry 188 skipped — invalid chapter: 
⚠️ Entry 189 skipped — invalid chapter: 
⚠️ Entry 190 skipped — invalid chapter: 
⚠️ Entry 191 skipped — invalid chapter: 
⚠️ Entry 192 skipped — invalid chapter: 
⚠️ Entry 193 skipped — invalid chapter: 
⚠️ Entry 194 skipped — invalid chapter: 
⚠️ Entry 195 skipped — invalid chapter: 
⚠️ Entry 196 skipped — invalid chapter: 
⚠️ Entry 197 skipped — invalid chapter: 
⚠️ Entry 198 skipped — invalid chapter: 
⚠️ Entry 199 skipped — invalid chapter: 
⚠️ Entry 200 skipped — invalid chapter: 
⚠️ Entry 201 skipped — invalid chapter: 
⚠️ Entry 202 skipped — invalid chapter: 
⚠️ Entry 203 skipped — invalid chapter: 
⚠️ Entry 204 skipped — invalid chapter: 
⚠️ Entry 205 skipped — invalid chapter: 
⚠️ Entry 206 skipped — invalid chapter: 
⚠️ Entry 207 skipped — invalid chapter: 
⚠️ Entry 210 skipped — invalid chapter: 
⚠️ Entry 211 skipped — invalid chapter: 
⚠️ Entry 212 skipped — invalid chapter: 1 This condition can now be waived by the Court.
⚠️ Entry 214 skipped — invalid chapter: Provided that the court may
⚠️ Entry 215 skipped — invalid chapter: 
⚠️ Entry 218 skipped — invalid chapter: 
⚠️ Entry 219 skipped — invalid chapter: 
⚠️ Entry 222 skipped — invalid chapter: 
⚠️ Entry 223 skipped — invalid chapter: 
⚠️ Entry 224 skipped — invalid chapter: 
⚠️ Entry 226 skipped — invalid chapter: 
⚠️ Entry 227 skipped — invalid chapter: 
⚠️ Entry 228 skipped — invalid chapter: 
⚠️ Entry 229 skipped — invalid chapter: 
⚠️ Entry 230 skipped — invalid chapter: (iiia) in case the wife is the petitioner
⚠️ Entry 231 skipped — invalid chapter: 
⚠️ Entry 233 skipped — invalid chapter: 
⚠️ Entry 236 skipped — invalid chapter: 
⚠️ Entry 237 skipped — invalid chapter: 
⚠️ Entry 238 skipped — invalid chapter: 
⚠️ Entry 239 skipped — invalid chapter: 
⚠️ Entry 240 skipped — invalid chapter: 
⚠️ Entry 241 skipped — invalid chapter: 
⚠️ Entry 242 skipped — invalid chapter: 
⚠️ Entry 243 skipped — invalid chapter: 
⚠️ Entry 244 skipped — invalid chapter: 
⚠️ Entry 245 skipped — invalid chapter: 
⚠️ Entry 247 skipped — invalid chapter: 
⚠️ Entry 248 skipped — invalid chapter: 
⚠️ Entry 251 skipped — invalid chapter: 
⚠️ Entry 253 skipped — invalid chapter: 
⚠️ Entry 254 skipped — invalid chapter: 
⚠️ Entry 255 skipped — invalid chapter: 
⚠️ Entry 256 skipped — invalid chapter: (bb) when a divorce is sought on the ground of mutual consent
⚠️ Entry 257 skipped — invalid chapter: 
⚠️ Entry 258 skipped — invalid chapter: 
⚠️ Entry 259 skipped — invalid chapter: 
⚠️ Entry 260 skipped — invalid chapter: 
⚠️ Entry 261 skipped — invalid chapter: 
⚠️ Entry 262 skipped — invalid chapter: Provided that nothing contained in this sub-section shall apply to any proceeding wherein relief is sought on any of the grounds specified in clause (ii)
⚠️ Entry 263 skipped — invalid chapter: 
⚠️ Entry 264 skipped — invalid chapter: 
⚠️ Entry 267 skipped — invalid chapter: Provided that the application for the payment of the expenses of the proceeding and such monthly sum during the proceeding
⚠️ Entry 269 skipped — invalid chapter: 
⚠️ Entry 270 skipped — invalid chapter: 
⚠️ Entry 272 skipped — invalid chapter: Provided that the application with respect to the maintenance and education of the minor children
⚠️ Entry 275 skipped — invalid chapter: 
⚠️ Entry 276 skipped — invalid chapter: 
⚠️ Entry 277 skipped — invalid chapter: 
⚠️ Entry 280 skipped — invalid chapter: 
⚠️ Entry 281 skipped — invalid chapter: 
⚠️ Entry 282 skipped — invalid chapter: 